[INFO] building hdf5/train.hdf5...
Traceback (most recent call last):
  File "4.py", line 34, in <module>
    writer = HDF5DatasetWriter((len(paths), 224, 224, 3), outputPath)
  File "/home/ubuntu/Aptos2019/old/balance/oneT/libs/hdf5datasetwriter.py", line 13, in __init__
    "the file before continuing.", outputPath)
ValueError: ('The supplied `outputPath` already exists and cannot be overwritten. Manually delete the file before continuing.', 'hdf5/train.hdf5')
2020-04-02 23:22:45.105039: I tensorflow/core/platform/cpu_feature_guard.cc:141] Your CPU supports instructions that this TensorFlow binary was not compiled to use: AVX2 FMA
2020-04-02 23:22:51.241356: I tensorflow/stream_executor/cuda/cuda_gpu_executor.cc:964] successful NUMA node read from SysFS had negative value (-1), but there must be at least one NUMA node, so returning NUMA node zero
2020-04-02 23:22:51.242517: I tensorflow/core/common_runtime/gpu/gpu_device.cc:1432] Found device 0 with properties: 
name: Tesla V100-SXM2-16GB major: 7 minor: 0 memoryClockRate(GHz): 1.53
pciBusID: 0000:00:17.0
totalMemory: 15.78GiB freeMemory: 15.37GiB
2020-04-02 23:22:51.413840: I tensorflow/stream_executor/cuda/cuda_gpu_executor.cc:964] successful NUMA node read from SysFS had negative value (-1), but there must be at least one NUMA node, so returning NUMA node zero
2020-04-02 23:22:51.414985: I tensorflow/core/common_runtime/gpu/gpu_device.cc:1432] Found device 1 with properties: 
name: Tesla V100-SXM2-16GB major: 7 minor: 0 memoryClockRate(GHz): 1.53
pciBusID: 0000:00:18.0
totalMemory: 15.78GiB freeMemory: 15.37GiB
2020-04-02 23:22:51.584037: I tensorflow/stream_executor/cuda/cuda_gpu_executor.cc:964] successful NUMA node read from SysFS had negative value (-1), but there must be at least one NUMA node, so returning NUMA node zero
2020-04-02 23:22:51.585208: I tensorflow/core/common_runtime/gpu/gpu_device.cc:1432] Found device 2 with properties: 
name: Tesla V100-SXM2-16GB major: 7 minor: 0 memoryClockRate(GHz): 1.53
pciBusID: 0000:00:19.0
totalMemory: 15.78GiB freeMemory: 15.37GiB
2020-04-02 23:22:51.762579: I tensorflow/stream_executor/cuda/cuda_gpu_executor.cc:964] successful NUMA node read from SysFS had negative value (-1), but there must be at least one NUMA node, so returning NUMA node zero
2020-04-02 23:22:51.763751: I tensorflow/core/common_runtime/gpu/gpu_device.cc:1432] Found device 3 with properties: 
name: Tesla V100-SXM2-16GB major: 7 minor: 0 memoryClockRate(GHz): 1.53
pciBusID: 0000:00:1a.0
totalMemory: 15.78GiB freeMemory: 15.37GiB
2020-04-02 23:22:51.949988: I tensorflow/stream_executor/cuda/cuda_gpu_executor.cc:964] successful NUMA node read from SysFS had negative value (-1), but there must be at least one NUMA node, so returning NUMA node zero
2020-04-02 23:22:51.951110: I tensorflow/core/common_runtime/gpu/gpu_device.cc:1432] Found device 4 with properties: 
name: Tesla V100-SXM2-16GB major: 7 minor: 0 memoryClockRate(GHz): 1.53
pciBusID: 0000:00:1b.0
totalMemory: 15.78GiB freeMemory: 15.37GiB
2020-04-02 23:22:52.146314: I tensorflow/stream_executor/cuda/cuda_gpu_executor.cc:964] successful NUMA node read from SysFS had negative value (-1), but there must be at least one NUMA node, so returning NUMA node zero
2020-04-02 23:22:52.147487: I tensorflow/core/common_runtime/gpu/gpu_device.cc:1432] Found device 5 with properties: 
name: Tesla V100-SXM2-16GB major: 7 minor: 0 memoryClockRate(GHz): 1.53
pciBusID: 0000:00:1c.0
totalMemory: 15.78GiB freeMemory: 15.37GiB
2020-04-02 23:22:52.362042: I tensorflow/stream_executor/cuda/cuda_gpu_executor.cc:964] successful NUMA node read from SysFS had negative value (-1), but there must be at least one NUMA node, so returning NUMA node zero
2020-04-02 23:22:52.363227: I tensorflow/core/common_runtime/gpu/gpu_device.cc:1432] Found device 6 with properties: 
name: Tesla V100-SXM2-16GB major: 7 minor: 0 memoryClockRate(GHz): 1.53
pciBusID: 0000:00:1d.0
totalMemory: 15.78GiB freeMemory: 15.37GiB
2020-04-02 23:22:52.578764: I tensorflow/stream_executor/cuda/cuda_gpu_executor.cc:964] successful NUMA node read from SysFS had negative value (-1), but there must be at least one NUMA node, so returning NUMA node zero
2020-04-02 23:22:52.580064: I tensorflow/core/common_runtime/gpu/gpu_device.cc:1432] Found device 7 with properties: 
name: Tesla V100-SXM2-16GB major: 7 minor: 0 memoryClockRate(GHz): 1.53
pciBusID: 0000:00:1e.0
totalMemory: 15.78GiB freeMemory: 15.37GiB
2020-04-02 23:22:52.580493: I tensorflow/core/common_runtime/gpu/gpu_device.cc:1511] Adding visible gpu devices: 0, 1, 2, 3, 4, 5, 6, 7
2020-04-02 23:22:55.920002: I tensorflow/core/common_runtime/gpu/gpu_device.cc:982] Device interconnect StreamExecutor with strength 1 edge matrix:
2020-04-02 23:22:55.920074: I tensorflow/core/common_runtime/gpu/gpu_device.cc:988]      0 1 2 3 4 5 6 7 
2020-04-02 23:22:55.920085: I tensorflow/core/common_runtime/gpu/gpu_device.cc:1001] 0:   N Y Y Y Y N N N 
2020-04-02 23:22:55.920092: I tensorflow/core/common_runtime/gpu/gpu_device.cc:1001] 1:   Y N Y Y N Y N N 
2020-04-02 23:22:55.920099: I tensorflow/core/common_runtime/gpu/gpu_device.cc:1001] 2:   Y Y N Y N N Y N 
2020-04-02 23:22:55.920105: I tensorflow/core/common_runtime/gpu/gpu_device.cc:1001] 3:   Y Y Y N N N N Y 
2020-04-02 23:22:55.920112: I tensorflow/core/common_runtime/gpu/gpu_device.cc:1001] 4:   Y N N N N Y Y Y 
2020-04-02 23:22:55.920119: I tensorflow/core/common_runtime/gpu/gpu_device.cc:1001] 5:   N Y N N Y N Y Y 
2020-04-02 23:22:55.920127: I tensorflow/core/common_runtime/gpu/gpu_device.cc:1001] 6:   N N Y N Y Y N Y 
2020-04-02 23:22:55.920134: I tensorflow/core/common_runtime/gpu/gpu_device.cc:1001] 7:   N N N Y Y Y Y N 
2020-04-02 23:22:55.922625: I tensorflow/core/common_runtime/gpu/gpu_device.cc:1115] Created TensorFlow device (/job:localhost/replica:0/task:0/device:GPU:0 with 14874 MB memory) -> physical GPU (device: 0, name: Tesla V100-SXM2-16GB, pci bus id: 0000:00:17.0, compute capability: 7.0)
2020-04-02 23:22:55.923431: I tensorflow/core/common_runtime/gpu/gpu_device.cc:1115] Created TensorFlow device (/job:localhost/replica:0/task:0/device:GPU:1 with 14874 MB memory) -> physical GPU (device: 1, name: Tesla V100-SXM2-16GB, pci bus id: 0000:00:18.0, compute capability: 7.0)
2020-04-02 23:22:55.923915: I tensorflow/core/common_runtime/gpu/gpu_device.cc:1115] Created TensorFlow device (/job:localhost/replica:0/task:0/device:GPU:2 with 14874 MB memory) -> physical GPU (device: 2, name: Tesla V100-SXM2-16GB, pci bus id: 0000:00:19.0, compute capability: 7.0)
2020-04-02 23:22:55.924399: I tensorflow/core/common_runtime/gpu/gpu_device.cc:1115] Created TensorFlow device (/job:localhost/replica:0/task:0/device:GPU:3 with 14874 MB memory) -> physical GPU (device: 3, name: Tesla V100-SXM2-16GB, pci bus id: 0000:00:1a.0, compute capability: 7.0)
2020-04-02 23:22:55.924833: I tensorflow/core/common_runtime/gpu/gpu_device.cc:1115] Created TensorFlow device (/job:localhost/replica:0/task:0/device:GPU:4 with 14874 MB memory) -> physical GPU (device: 4, name: Tesla V100-SXM2-16GB, pci bus id: 0000:00:1b.0, compute capability: 7.0)
2020-04-02 23:22:55.925376: I tensorflow/core/common_runtime/gpu/gpu_device.cc:1115] Created TensorFlow device (/job:localhost/replica:0/task:0/device:GPU:5 with 14874 MB memory) -> physical GPU (device: 5, name: Tesla V100-SXM2-16GB, pci bus id: 0000:00:1c.0, compute capability: 7.0)
2020-04-02 23:22:55.925818: I tensorflow/core/common_runtime/gpu/gpu_device.cc:1115] Created TensorFlow device (/job:localhost/replica:0/task:0/device:GPU:6 with 14874 MB memory) -> physical GPU (device: 6, name: Tesla V100-SXM2-16GB, pci bus id: 0000:00:1d.0, compute capability: 7.0)
2020-04-02 23:22:55.926196: I tensorflow/core/common_runtime/gpu/gpu_device.cc:1115] Created TensorFlow device (/job:localhost/replica:0/task:0/device:GPU:7 with 14874 MB memory) -> physical GPU (device: 7, name: Tesla V100-SXM2-16GB, pci bus id: 0000:00:1e.0, compute capability: 7.0)
2020-04-02 23:22:55.961948: I tensorflow/core/common_runtime/gpu/gpu_device.cc:1511] Adding visible gpu devices: 0, 1, 2, 3, 4, 5, 6, 7
2020-04-02 23:22:55.962283: I tensorflow/core/common_runtime/gpu/gpu_device.cc:982] Device interconnect StreamExecutor with strength 1 edge matrix:
2020-04-02 23:22:55.962312: I tensorflow/core/common_runtime/gpu/gpu_device.cc:988]      0 1 2 3 4 5 6 7 
2020-04-02 23:22:55.962321: I tensorflow/core/common_runtime/gpu/gpu_device.cc:1001] 0:   N Y Y Y Y N N N 
2020-04-02 23:22:55.962328: I tensorflow/core/common_runtime/gpu/gpu_device.cc:1001] 1:   Y N Y Y N Y N N 
2020-04-02 23:22:55.962334: I tensorflow/core/common_runtime/gpu/gpu_device.cc:1001] 2:   Y Y N Y N N Y N 
2020-04-02 23:22:55.962340: I tensorflow/core/common_runtime/gpu/gpu_device.cc:1001] 3:   Y Y Y N N N N Y 
2020-04-02 23:22:55.962346: I tensorflow/core/common_runtime/gpu/gpu_device.cc:1001] 4:   Y N N N N Y Y Y 
2020-04-02 23:22:55.962352: I tensorflow/core/common_runtime/gpu/gpu_device.cc:1001] 5:   N Y N N Y N Y Y 
2020-04-02 23:22:55.962358: I tensorflow/core/common_runtime/gpu/gpu_device.cc:1001] 6:   N N Y N Y Y N Y 
2020-04-02 23:22:55.962364: I tensorflow/core/common_runtime/gpu/gpu_device.cc:1001] 7:   N N N Y Y Y Y N 
2020-04-02 23:22:55.964517: I tensorflow/core/common_runtime/gpu/gpu_device.cc:1115] Created TensorFlow device (/job:localhost/replica:0/task:0/device:GPU:0 with 14874 MB memory) -> physical GPU (device: 0, name: Tesla V100-SXM2-16GB, pci bus id: 0000:00:17.0, compute capability: 7.0)
2020-04-02 23:22:55.964788: I tensorflow/core/common_runtime/gpu/gpu_device.cc:1115] Created TensorFlow device (/job:localhost/replica:0/task:0/device:GPU:1 with 14874 MB memory) -> physical GPU (device: 1, name: Tesla V100-SXM2-16GB, pci bus id: 0000:00:18.0, compute capability: 7.0)
2020-04-02 23:22:55.965019: I tensorflow/core/common_runtime/gpu/gpu_device.cc:1115] Created TensorFlow device (/job:localhost/replica:0/task:0/device:GPU:2 with 14874 MB memory) -> physical GPU (device: 2, name: Tesla V100-SXM2-16GB, pci bus id: 0000:00:19.0, compute capability: 7.0)
2020-04-02 23:22:55.965242: I tensorflow/core/common_runtime/gpu/gpu_device.cc:1115] Created TensorFlow device (/job:localhost/replica:0/task:0/device:GPU:3 with 14874 MB memory) -> physical GPU (device: 3, name: Tesla V100-SXM2-16GB, pci bus id: 0000:00:1a.0, compute capability: 7.0)
2020-04-02 23:22:55.965432: I tensorflow/core/common_runtime/gpu/gpu_device.cc:1115] Created TensorFlow device (/job:localhost/replica:0/task:0/device:GPU:4 with 14874 MB memory) -> physical GPU (device: 4, name: Tesla V100-SXM2-16GB, pci bus id: 0000:00:1b.0, compute capability: 7.0)
2020-04-02 23:22:55.965633: I tensorflow/core/common_runtime/gpu/gpu_device.cc:1115] Created TensorFlow device (/job:localhost/replica:0/task:0/device:GPU:5 with 14874 MB memory) -> physical GPU (device: 5, name: Tesla V100-SXM2-16GB, pci bus id: 0000:00:1c.0, compute capability: 7.0)
2020-04-02 23:22:55.965840: I tensorflow/core/common_runtime/gpu/gpu_device.cc:1115] Created TensorFlow device (/job:localhost/replica:0/task:0/device:GPU:6 with 14874 MB memory) -> physical GPU (device: 6, name: Tesla V100-SXM2-16GB, pci bus id: 0000:00:1d.0, compute capability: 7.0)
2020-04-02 23:22:55.966053: I tensorflow/core/common_runtime/gpu/gpu_device.cc:1115] Created TensorFlow device (/job:localhost/replica:0/task:0/device:GPU:7 with 14874 MB memory) -> physical GPU (device: 7, name: Tesla V100-SXM2-16GB, pci bus id: 0000:00:1e.0, compute capability: 7.0)
